2015-03-21 10:42:37,655 - root - INFO - Starting thread 0
2015-03-21 10:42:37,656 - root - INFO - Starting thread 1
2015-03-21 10:42:37,657 - root - INFO - Starting thread 2
2015-03-21 10:42:37,658 - root - INFO - Starting thread 3
2015-03-21 10:42:37,658 - root - INFO - Starting thread 4
2015-03-21 10:42:37,659 - root - INFO - Starting thread 5
2015-03-21 10:42:37,659 - root - INFO - Starting thread 6
2015-03-21 10:42:37,659 - root - INFO - Starting thread 7
2015-03-21 10:42:37,660 - __main__ - INFO - Queueing http://i.imgur.com/IYSrGZW.jpg
2015-03-21 10:42:37,660 - __main__ - INFO - Queueing http://i.imgur.com/neVk7fi.jpg
2015-03-21 10:42:37,660 - __main__ - INFO - Queueing http://i.imgur.com/GHhkWN2.jpg
2015-03-21 10:42:37,660 - __main__ - INFO - Queueing http://i.imgur.com/l2IZKLT.jpg
2015-03-21 10:42:37,660 - __main__ - INFO - Queueing http://i.imgur.com/Sf7tzsm.jpg
2015-03-21 10:42:37,660 - __main__ - INFO - Queueing http://i.imgur.com/TvuRKCF.jpg
2015-03-21 10:42:37,660 - __main__ - INFO - Queueing http://i.imgur.com/W6RsdHg.jpg
2015-03-21 10:42:37,661 - __main__ - INFO - Queueing http://i.imgur.com/ZfZFPIM.jpg
2015-03-21 10:42:37,661 - download - INFO - Downloading http://i.imgur.com/IYSrGZW.jpg
2015-03-21 10:42:37,661 - download - INFO - Downloading http://i.imgur.com/neVk7fi.jpg
2015-03-21 10:42:37,661 - download - INFO - Downloading http://i.imgur.com/GHhkWN2.jpg
2015-03-21 10:42:37,661 - download - INFO - Downloading http://i.imgur.com/l2IZKLT.jpg
2015-03-21 10:42:37,661 - download - INFO - Downloading http://i.imgur.com/Sf7tzsm.jpg
2015-03-21 10:42:37,661 - download - INFO - Downloading http://i.imgur.com/TvuRKCF.jpg
2015-03-21 10:42:37,661 - download - INFO - Downloading http://i.imgur.com/W6RsdHg.jpg
2015-03-21 10:42:37,661 - __main__ - INFO - Queueing http://i.imgur.com/ClTxNCJ.jpg
2015-03-21 10:42:37,661 - download - INFO - Downloading http://i.imgur.com/ZfZFPIM.jpg
2015-03-21 10:42:37,666 - __main__ - INFO - Queueing http://i.imgur.com/A0XCIB3.jpg
2015-03-21 10:42:37,667 - __main__ - INFO - Queueing http://i.imgur.com/vRsRDT7.jpg
2015-03-21 10:42:37,667 - __main__ - INFO - Queueing http://i.imgur.com/xPkNxcU.jpg
2015-03-21 10:42:37,667 - __main__ - INFO - Queueing http://i.imgur.com/a5dSI8Q.jpg
2015-03-21 10:42:37,667 - __main__ - INFO - Queueing http://i.imgur.com/V1SqmPp.jpg
2015-03-21 10:42:37,667 - __main__ - INFO - Queueing http://i.imgur.com/ZrbLg2Y.jpg
2015-03-21 10:42:37,668 - __main__ - INFO - Queueing http://i.imgur.com/92rdLXl.jpg
2015-03-21 10:42:37,668 - __main__ - INFO - Queueing http://i.imgur.com/77Yow4F.jpg
2015-03-21 10:42:37,668 - __main__ - INFO - Queueing http://i.imgur.com/ag0BnTp.jpg
2015-03-21 10:42:37,668 - __main__ - INFO - Queueing http://i.imgur.com/0eIb8FF.jpg
2015-03-21 10:42:37,668 - __main__ - INFO - Queueing http://i.imgur.com/lWV2WuG.jpg
2015-03-21 10:42:37,668 - __main__ - INFO - Queueing http://i.imgur.com/G4biPOH.jpg
2015-03-21 10:42:37,668 - __main__ - INFO - Queueing http://i.imgur.com/IyRz5QH.jpg
2015-03-21 10:42:37,668 - __main__ - INFO - Queueing http://i.imgur.com/zsrElqP.jpg
2015-03-21 10:42:37,668 - __main__ - INFO - Queueing http://i.imgur.com/SgSqjEC.jpg
2015-03-21 10:42:37,668 - __main__ - INFO - Queueing http://i.imgur.com/NtGkGom.jpg
2015-03-21 10:42:37,669 - __main__ - INFO - Queueing http://i.imgur.com/IXqbuCq.jpg
2015-03-21 10:42:37,669 - __main__ - INFO - Queueing http://i.imgur.com/Fob5fbt.jpg
2015-03-21 10:42:37,669 - __main__ - INFO - Queueing http://i.imgur.com/hsK0hc1.jpg
2015-03-21 10:42:37,669 - __main__ - INFO - Queueing http://i.imgur.com/gVCs9Qd.jpg
2015-03-21 10:42:37,669 - __main__ - INFO - Queueing http://i.imgur.com/qGwKMx5.jpg
2015-03-21 10:42:37,669 - __main__ - INFO - Queueing http://i.imgur.com/U4gWPps.jpg
2015-03-21 10:42:37,669 - __main__ - INFO - Queueing http://i.imgur.com/3KBYmVN.jpg
2015-03-21 10:42:37,669 - __main__ - INFO - Queueing http://i.imgur.com/Jtxx0JI.jpg
2015-03-21 10:42:37,670 - __main__ - INFO - Queueing http://i.imgur.com/fxm22ay.jpg
2015-03-21 10:42:37,670 - __main__ - INFO - Queueing http://i.imgur.com/Q92Nqaj.jpg
2015-03-21 10:42:37,670 - __main__ - INFO - Queueing http://i.imgur.com/6osZ27Y.jpg
2015-03-21 10:42:37,670 - __main__ - INFO - Queueing http://i.imgur.com/3vKvTSl.jpg
2015-03-21 10:42:37,670 - __main__ - INFO - Queueing http://i.imgur.com/lUYnM13.jpg
2015-03-21 10:42:37,670 - __main__ - INFO - Queueing http://i.imgur.com/jl5pvUg.jpg
2015-03-21 10:42:37,670 - __main__ - INFO - Queueing http://i.imgur.com/SMbIImm.jpg
2015-03-21 10:42:37,671 - __main__ - INFO - Queueing http://i.imgur.com/yIyakVH.jpg
2015-03-21 10:42:37,671 - __main__ - INFO - Queueing http://i.imgur.com/suozn7i.jpg
2015-03-21 10:42:37,671 - __main__ - INFO - Queueing http://i.imgur.com/AVFckA4.jpg
2015-03-21 10:42:37,671 - __main__ - INFO - Queueing http://i.imgur.com/ehjAkEd.jpg
2015-03-21 10:42:37,671 - __main__ - INFO - Queueing http://i.imgur.com/Wz3YYSg.jpg
2015-03-21 10:42:37,671 - __main__ - INFO - Queueing http://i.imgur.com/5HUYg9n.jpg
2015-03-21 10:42:37,671 - __main__ - INFO - Queueing http://i.imgur.com/o28P912.jpg
2015-03-21 10:42:37,671 - __main__ - INFO - Queueing http://i.imgur.com/KASVOQT.jpg
2015-03-21 10:42:37,672 - __main__ - INFO - Queueing http://i.imgur.com/mz3asFv.jpg
2015-03-21 10:42:37,672 - __main__ - INFO - Queueing http://i.imgur.com/JSbyilS.jpg
2015-03-21 10:42:37,672 - __main__ - INFO - Queueing http://i.imgur.com/Tt4kMun.jpg
2015-03-21 10:42:37,672 - __main__ - INFO - Queueing http://i.imgur.com/rXTfQ0I.jpg
2015-03-21 10:42:37,672 - __main__ - INFO - Queueing http://i.imgur.com/V5g0bs9.jpg
2015-03-21 10:42:37,672 - __main__ - INFO - Queueing http://i.imgur.com/BcZwGLy.jpg
2015-03-21 10:42:37,672 - __main__ - INFO - Queueing http://i.imgur.com/kH8w27z.jpg
2015-03-21 10:42:37,673 - __main__ - INFO - Queueing http://i.imgur.com/Yjh3hGC.jpg
2015-03-21 10:42:37,673 - __main__ - INFO - Queueing http://i.imgur.com/Oq6Phhm.jpg
2015-03-21 10:42:37,673 - __main__ - INFO - Queueing http://i.imgur.com/gBkBJxy.jpg
2015-03-21 10:42:37,673 - __main__ - INFO - Queueing http://i.imgur.com/aXkOUNz.jpg
2015-03-21 10:42:37,673 - __main__ - INFO - Queueing http://i.imgur.com/sOgMR3u.jpg
2015-03-21 10:42:37,673 - __main__ - INFO - Queueing http://i.imgur.com/8K0L9VU.jpg
2015-03-21 10:42:37,673 - __main__ - INFO - Queueing http://i.imgur.com/M3GUn61.jpg
2015-03-21 10:42:37,673 - __main__ - INFO - Queueing http://i.imgur.com/x4kok09.jpg
2015-03-21 10:42:37,674 - __main__ - INFO - Queueing http://i.imgur.com/1Kg3deD.jpg
2015-03-21 10:42:37,674 - __main__ - INFO - Queueing http://i.imgur.com/E9fkkCq.jpg
2015-03-21 10:42:37,674 - __main__ - INFO - Queueing http://i.imgur.com/7dPJfer.jpg
2015-03-21 10:42:37,674 - __main__ - INFO - Queueing http://i.imgur.com/1M7llVP.jpg
2015-03-21 10:42:37,674 - __main__ - INFO - Queueing http://i.imgur.com/6qEKPPe.jpg
2015-03-21 10:42:37,674 - __main__ - INFO - Queueing http://i.imgur.com/AMkZT8G.jpg
2015-03-21 10:42:37,674 - __main__ - INFO - Queueing http://i.imgur.com/ITTAihp.jpg
2015-03-21 10:42:37,675 - __main__ - INFO - Queueing http://i.imgur.com/VXzchpq.jpg
2015-03-21 10:42:37,675 - __main__ - INFO - Queueing http://i.imgur.com/spfUW3N.jpg
2015-03-21 10:42:37,675 - __main__ - INFO - Queueing http://i.imgur.com/r0HZubO.jpg
2015-03-21 10:42:37,675 - __main__ - INFO - Queueing http://i.imgur.com/8HoSLBa.jpg
2015-03-21 10:42:37,675 - __main__ - INFO - Queueing http://i.imgur.com/6ZXalUD.jpg
2015-03-21 10:42:37,877 - download - INFO - Downloading http://i.imgur.com/ClTxNCJ.jpg
2015-03-21 10:42:37,909 - download - INFO - Downloading http://i.imgur.com/A0XCIB3.jpg
2015-03-21 10:42:37,915 - download - INFO - Downloading http://i.imgur.com/vRsRDT7.jpg
2015-03-21 10:42:37,980 - download - INFO - Downloading http://i.imgur.com/xPkNxcU.jpg
2015-03-21 10:42:38,066 - download - INFO - Downloading http://i.imgur.com/a5dSI8Q.jpg
2015-03-21 10:42:38,108 - download - INFO - Downloading http://i.imgur.com/V1SqmPp.jpg
2015-03-21 10:42:38,414 - download - INFO - Downloading http://i.imgur.com/ZrbLg2Y.jpg
2015-03-21 10:42:38,486 - download - INFO - Downloading http://i.imgur.com/92rdLXl.jpg
2015-03-21 10:42:38,527 - download - INFO - Downloading http://i.imgur.com/77Yow4F.jpg
2015-03-21 10:42:38,546 - download - INFO - Downloading http://i.imgur.com/ag0BnTp.jpg
2015-03-21 10:42:38,612 - download - INFO - Downloading http://i.imgur.com/0eIb8FF.jpg
2015-03-21 10:42:38,804 - download - INFO - Downloading http://i.imgur.com/lWV2WuG.jpg
2015-03-21 10:42:38,838 - download - INFO - Downloading http://i.imgur.com/G4biPOH.jpg
2015-03-21 10:42:38,930 - download - INFO - Downloading http://i.imgur.com/IyRz5QH.jpg
2015-03-21 10:42:38,933 - download - INFO - Downloading http://i.imgur.com/zsrElqP.jpg
2015-03-21 10:42:39,134 - download - INFO - Downloading http://i.imgur.com/SgSqjEC.jpg
2015-03-21 10:42:39,219 - download - INFO - Downloading http://i.imgur.com/NtGkGom.jpg
2015-03-21 10:42:39,261 - download - INFO - Downloading http://i.imgur.com/IXqbuCq.jpg
2015-03-21 10:42:39,357 - download - INFO - Downloading http://i.imgur.com/Fob5fbt.jpg
2015-03-21 10:42:39,386 - download - INFO - Downloading http://i.imgur.com/hsK0hc1.jpg
2015-03-21 10:42:39,538 - download - INFO - Downloading http://i.imgur.com/gVCs9Qd.jpg
2015-03-21 10:42:39,550 - download - INFO - Downloading http://i.imgur.com/qGwKMx5.jpg
2015-03-21 10:42:39,616 - download - INFO - Downloading http://i.imgur.com/U4gWPps.jpg
2015-03-21 10:42:39,656 - download - INFO - Downloading http://i.imgur.com/3KBYmVN.jpg
2015-03-21 10:42:39,817 - download - INFO - Downloading http://i.imgur.com/Jtxx0JI.jpg
2015-03-21 10:42:39,835 - download - INFO - Downloading http://i.imgur.com/fxm22ay.jpg
2015-03-21 10:42:39,863 - download - INFO - Downloading http://i.imgur.com/Q92Nqaj.jpg
2015-03-21 10:42:39,941 - download - INFO - Downloading http://i.imgur.com/6osZ27Y.jpg
2015-03-21 10:42:39,985 - download - INFO - Downloading http://i.imgur.com/3vKvTSl.jpg
2015-03-21 10:42:40,047 - download - INFO - Downloading http://i.imgur.com/lUYnM13.jpg
2015-03-21 10:42:40,129 - download - INFO - Downloading http://i.imgur.com/jl5pvUg.jpg
2015-03-21 10:42:40,139 - download - INFO - Downloading http://i.imgur.com/SMbIImm.jpg
2015-03-21 10:42:40,166 - download - INFO - Downloading http://i.imgur.com/yIyakVH.jpg
2015-03-21 10:42:40,342 - download - INFO - Downloading http://i.imgur.com/suozn7i.jpg
2015-03-21 10:42:40,353 - download - INFO - Downloading http://i.imgur.com/AVFckA4.jpg
2015-03-21 10:42:40,379 - download - INFO - Downloading http://i.imgur.com/ehjAkEd.jpg
2015-03-21 10:42:40,437 - download - INFO - Downloading http://i.imgur.com/Wz3YYSg.jpg
2015-03-21 10:42:40,438 - download - INFO - Downloading http://i.imgur.com/5HUYg9n.jpg
2015-03-21 10:42:40,451 - download - INFO - Downloading http://i.imgur.com/o28P912.jpg
2015-03-21 10:42:40,569 - download - INFO - Downloading http://i.imgur.com/KASVOQT.jpg
2015-03-21 10:42:40,697 - download - INFO - Downloading http://i.imgur.com/mz3asFv.jpg
2015-03-21 10:42:40,847 - download - INFO - Downloading http://i.imgur.com/JSbyilS.jpg
2015-03-21 10:42:40,874 - download - INFO - Downloading http://i.imgur.com/Tt4kMun.jpg
2015-03-21 10:42:40,986 - download - INFO - Downloading http://i.imgur.com/rXTfQ0I.jpg
2015-03-21 10:42:41,105 - download - INFO - Downloading http://i.imgur.com/V5g0bs9.jpg
2015-03-21 10:42:41,107 - download - INFO - Downloading http://i.imgur.com/BcZwGLy.jpg
2015-03-21 10:42:41,166 - download - INFO - Downloading http://i.imgur.com/kH8w27z.jpg
2015-03-21 10:42:41,207 - download - INFO - Downloading http://i.imgur.com/Yjh3hGC.jpg
2015-03-21 10:42:41,271 - download - INFO - Downloading http://i.imgur.com/Oq6Phhm.jpg
2015-03-21 10:42:41,278 - download - INFO - Downloading http://i.imgur.com/gBkBJxy.jpg
2015-03-21 10:42:41,391 - download - INFO - Downloading http://i.imgur.com/aXkOUNz.jpg
2015-03-21 10:42:41,500 - download - INFO - Downloading http://i.imgur.com/sOgMR3u.jpg
2015-03-21 10:42:41,517 - download - INFO - Downloading http://i.imgur.com/8K0L9VU.jpg
2015-03-21 10:42:41,520 - download - INFO - Downloading http://i.imgur.com/M3GUn61.jpg
2015-03-21 10:42:41,576 - download - INFO - Downloading http://i.imgur.com/x4kok09.jpg
2015-03-21 10:42:41,653 - download - INFO - Downloading http://i.imgur.com/1Kg3deD.jpg
2015-03-21 10:42:41,655 - download - INFO - Downloading http://i.imgur.com/E9fkkCq.jpg
2015-03-21 10:42:41,660 - download - INFO - Downloading http://i.imgur.com/7dPJfer.jpg
2015-03-21 10:42:41,750 - download - INFO - Downloading http://i.imgur.com/1M7llVP.jpg
2015-03-21 10:42:41,882 - download - INFO - Downloading http://i.imgur.com/6qEKPPe.jpg
2015-03-21 10:42:41,915 - download - INFO - Downloading http://i.imgur.com/AMkZT8G.jpg
2015-03-21 10:42:41,916 - download - INFO - Downloading http://i.imgur.com/ITTAihp.jpg
2015-03-21 10:42:42,070 - download - INFO - Downloading http://i.imgur.com/VXzchpq.jpg
2015-03-21 10:42:42,162 - download - INFO - Downloading http://i.imgur.com/spfUW3N.jpg
2015-03-21 10:42:42,169 - download - INFO - Downloading http://i.imgur.com/r0HZubO.jpg
2015-03-21 10:42:42,194 - download - INFO - Downloading http://i.imgur.com/8HoSLBa.jpg
2015-03-21 10:42:42,210 - download - INFO - Downloading http://i.imgur.com/6ZXalUD.jpg
